\BOOKMARK [1][-]{section.1}{\376\377\000D\000a\000t\000a\000\040\000S\000o\000u\000r\000c\000e\000\040\000D\000e\000t\000a\000i\000l\000s}{}% 1
\BOOKMARK [2][-]{subsection.1.1}{\376\377\000D\000r\000u\000g\000B\000a\000n\000k\000\040\000v\0005\000.\0001\000.\0009}{section.1}% 2
\BOOKMARK [2][-]{subsection.1.2}{\376\377\000S\000I\000D\000E\000R\000\040\0004\000.\0001}{section.1}% 3
\BOOKMARK [2][-]{subsection.1.3}{\376\377\000C\000T\000D\000\040\000\050\000C\000o\000m\000p\000a\000r\000a\000t\000i\000v\000e\000\040\000T\000o\000x\000i\000c\000o\000g\000e\000n\000o\000m\000i\000c\000s\000\040\000D\000a\000t\000a\000b\000a\000s\000e\000\051}{section.1}% 4
\BOOKMARK [2][-]{subsection.1.4}{\376\377\000D\000D\000I\000n\000t\000e\000r\000\040\000\050\000V\000a\000l\000i\000d\000a\000t\000i\000o\000n\000\040\000O\000n\000l\000y\000\051}{section.1}% 5
\BOOKMARK [1][-]{section.2}{\376\377\000E\000n\000t\000i\000t\000y\000\040\000M\000a\000t\000c\000h\000i\000n\000g\000\040\000A\000l\000g\000o\000r\000i\000t\000h\000m\000s}{}% 6
\BOOKMARK [2][-]{subsection.2.1}{\376\377\000D\000r\000u\000g\000\040\000I\000d\000e\000n\000t\000i\000f\000i\000e\000r\000\040\000E\000x\000t\000r\000a\000c\000t\000i\000o\000n\000\040\000f\000r\000o\000m\000\040\000C\000S\000V}{section.2}% 7
\BOOKMARK [2][-]{subsection.2.2}{\376\377\000D\000r\000u\000g\000B\000a\000n\000k\000\040\000E\000n\000t\000i\000t\000y\000\040\000M\000a\000t\000c\000h\000i\000n\000g}{section.2}% 8
\BOOKMARK [2][-]{subsection.2.3}{\376\377\000S\000I\000D\000E\000R\000\040\000E\000n\000t\000i\000t\000y\000\040\000M\000a\000t\000c\000h\000i\000n\000g}{section.2}% 9
\BOOKMARK [2][-]{subsection.2.4}{\376\377\000C\000T\000D\000\040\000E\000n\000t\000i\000t\000y\000\040\000M\000a\000t\000c\000h\000i\000n\000g}{section.2}% 10
\BOOKMARK [1][-]{section.3}{\376\377\000K\000n\000o\000w\000l\000e\000d\000g\000e\000\040\000G\000r\000a\000p\000h\000\040\000S\000c\000h\000e\000m\000a}{}% 11
\BOOKMARK [2][-]{subsection.3.1}{\376\377\000N\000o\000d\000e\000\040\000T\000y\000p\000e\000s}{section.3}% 12
\BOOKMARK [2][-]{subsection.3.2}{\376\377\000E\000d\000g\000e\000\040\000T\000y\000p\000e\000s}{section.3}% 13
\BOOKMARK [2][-]{subsection.3.3}{\376\377\000P\000r\000o\000v\000e\000n\000a\000n\000c\000e\000\040\000M\000e\000t\000a\000d\000a\000t\000a}{section.3}% 14
\BOOKMARK [1][-]{section.4}{\376\377\000S\000e\000v\000e\000r\000i\000t\000y\000\040\000R\000e\000c\000a\000l\000i\000b\000r\000a\000t\000i\000o\000n\000\040\000D\000e\000t\000a\000i\000l\000s}{}% 15
\BOOKMARK [2][-]{subsection.4.1}{\376\377\000D\000D\000I\000n\000t\000e\000r\000\040\000S\000e\000v\000e\000r\000i\000t\000y\000\040\000D\000i\000s\000t\000r\000i\000b\000u\000t\000i\000o\000n\000\040\000\050\000G\000r\000o\000u\000n\000d\000\040\000T\000r\000u\000t\000h\000\051}{section.4}% 16
\BOOKMARK [2][-]{subsection.4.2}{\376\377\000E\000m\000p\000i\000r\000i\000c\000a\000l\000\040\000K\000e\000y\000w\000o\000r\000d\000\040\000W\000e\000i\000g\000h\000t\000s}{section.4}% 17
\BOOKMARK [2][-]{subsection.4.3}{\376\377\000C\000l\000a\000s\000s\000i\000f\000i\000c\000a\000t\000i\000o\000n\000\040\000T\000h\000r\000e\000s\000h\000o\000l\000d\000s}{section.4}% 18
\BOOKMARK [2][-]{subsection.4.4}{\376\377\000V\000a\000l\000i\000d\000a\000t\000i\000o\000n\000\040\000P\000e\000r\000f\000o\000r\000m\000a\000n\000c\000e}{section.4}% 19
\BOOKMARK [1][-]{section.5}{\376\377\000T\000e\000c\000h\000n\000i\000c\000a\000l\000\040\000I\000m\000p\000l\000e\000m\000e\000n\000t\000a\000t\000i\000o\000n}{}% 20
\BOOKMARK [2][-]{subsection.5.1}{\376\377\000S\000o\000f\000t\000w\000a\000r\000e\000\040\000S\000t\000a\000c\000k}{section.5}% 21
\BOOKMARK [2][-]{subsection.5.2}{\376\377\000M\000e\000m\000o\000r\000y\000\040\000a\000n\000d\000\040\000P\000e\000r\000f\000o\000r\000m\000a\000n\000c\000e}{section.5}% 22
\BOOKMARK [2][-]{subsection.5.3}{\376\377\000O\000u\000t\000p\000u\000t\000\040\000F\000i\000l\000e\000s}{section.5}% 23
\BOOKMARK [1][-]{section.6}{\376\377\000V\000a\000l\000i\000d\000a\000t\000i\000o\000n\000\040\000a\000n\000d\000\040\000Q\000u\000a\000l\000i\000t\000y\000\040\000A\000s\000s\000u\000r\000a\000n\000c\000e}{}% 24
\BOOKMARK [2][-]{subsection.6.1}{\376\377\000D\000a\000t\000a\000\040\000I\000n\000t\000e\000g\000r\000i\000t\000y\000\040\000C\000h\000e\000c\000k\000s}{section.6}% 25
\BOOKMARK [2][-]{subsection.6.2}{\376\377\000C\000r\000o\000s\000s\000-\000R\000e\000f\000e\000r\000e\000n\000c\000e\000\040\000V\000e\000r\000i\000f\000i\000c\000a\000t\000i\000o\000n}{section.6}% 26
\BOOKMARK [2][-]{subsection.6.3}{\376\377\000N\000o\000\040\000I\000m\000p\000u\000t\000a\000t\000i\000o\000n\000\040\000P\000o\000l\000i\000c\000y}{section.6}% 27
\BOOKMARK [1][-]{section.7}{\376\377\000K\000n\000o\000w\000l\000e\000d\000g\000e\000\040\000G\000r\000a\000p\000h\000\040\000S\000t\000a\000t\000i\000s\000t\000i\000c\000s}{}% 28
\BOOKMARK [2][-]{subsection.7.1}{\376\377\000C\000o\000m\000p\000r\000e\000h\000e\000n\000s\000i\000v\000e\000\040\000S\000t\000a\000t\000i\000s\000t\000i\000c\000s\000\040\000O\000v\000e\000r\000v\000i\000e\000w}{section.7}% 29
\BOOKMARK [2][-]{subsection.7.2}{\376\377\000N\000o\000d\000e\000\040\000S\000t\000a\000t\000i\000s\000t\000i\000c\000s}{section.7}% 30
\BOOKMARK [2][-]{subsection.7.3}{\376\377\000E\000d\000g\000e\000\040\000S\000t\000a\000t\000i\000s\000t\000i\000c\000s}{section.7}% 31
\BOOKMARK [2][-]{subsection.7.4}{\376\377\000S\000e\000v\000e\000r\000i\000t\000y\000\040\000D\000i\000s\000t\000r\000i\000b\000u\000t\000i\000o\000n}{section.7}% 32
\BOOKMARK [2][-]{subsection.7.5}{\376\377\000D\000a\000t\000a\000\040\000M\000a\000t\000c\000h\000i\000n\000g\000\040\000S\000t\000a\000t\000i\000s\000t\000i\000c\000s}{section.7}% 33
\BOOKMARK [2][-]{subsection.7.6}{\376\377\000S\000u\000m\000m\000a\000r\000y\000\040\000T\000a\000b\000l\000e}{section.7}% 34
\BOOKMARK [1][-]{section.8}{\376\377\000R\000e\000p\000r\000o\000d\000u\000c\000i\000b\000i\000l\000i\000t\000y}{}% 35
\BOOKMARK [2][-]{subsection.8.1}{\376\377\000D\000a\000t\000a\000\040\000A\000c\000c\000e\000s\000s}{section.8}% 36
\BOOKMARK [2][-]{subsection.8.2}{\376\377\000C\000o\000d\000e\000\040\000A\000v\000a\000i\000l\000a\000b\000i\000l\000i\000t\000y}{section.8}% 37
\BOOKMARK [2][-]{subsection.8.3}{\376\377\000E\000x\000e\000c\000u\000t\000i\000o\000n}{section.8}% 38
